<?xml version="1.0" encoding="UTF-8"?>
<!-- Generated by org.testng.reporters.JUnitReportReporter -->
<testsuite hostname="LAPTOP-V9DUL7Q0" failures="0" tests="1" name="SeleniumInterviewQuestions.HandleExceptions_26" time="2.014" errors="0" timestamp="2023-08-14T19:07:41 IST" skipped="0">
  <testcase classname="SeleniumInterviewQuestions.HandleExceptions_26" name="testcase1" time="2.014"/>
</testsuite> <!-- SeleniumInterviewQuestions.HandleExceptions_26 -->
