<?xml version="1.0" encoding="UTF-8"?>
<!-- Generated by org.testng.reporters.JUnitReportReporter -->
<testsuite hostname="LAPTOP-V9DUL7Q0" failures="0" tests="2" name="SeleniumInterviewQuestions.TestNG_Annotation_23" time="0.009" errors="0" timestamp="2023-08-14T19:00:34 IST" skipped="0">
  <testcase classname="SeleniumInterviewQuestions.TestNG_Annotation_23" name="test2" time="0.003"/>
  <testcase classname="SeleniumInterviewQuestions.TestNG_Annotation_23" name="test1" time="0.006"/>
</testsuite> <!-- SeleniumInterviewQuestions.TestNG_Annotation_23 -->
