<?xml version="1.0" encoding="UTF-8"?>
<!-- Generated by org.testng.reporters.JUnitReportReporter -->
<testsuite hostname="LAPTOP-V9DUL7Q0" failures="0" tests="1" name="SeleniumInterviewQuestions.AssertVsVerify" time="0.024" errors="0" timestamp="2023-08-14T18:27:12 IST" skipped="0">
  <testcase classname="SeleniumInterviewQuestions.AssertVsVerify" name="testcase2" time="0.024"/>
</testsuite> <!-- SeleniumInterviewQuestions.AssertVsVerify -->
