<?xml version="1.0" encoding="UTF-8"?>
<!-- Generated by org.testng.reporters.JUnitReportReporter -->
<testsuite hostname="LAPTOP-V9DUL7Q0" failures="0" tests="5" name="LearnTestNG.sampleTestCase" time="0.014" errors="0" timestamp="2023-08-09T19:11:05 IST" skipped="0">
  <testcase classname="LearnTestNG.sampleTestCase" name="thirdTestCase" time="0.001"/>
  <testcase classname="LearnTestNG.sampleTestCase" name="secondTestCase" time="0.002"/>
  <testcase classname="LearnTestNG.sampleTestCase" name="firstTestCase" time="0.001"/>
  <testcase classname="LearnTestNG.sampleTestCase" name="fourthTestCase" time="0.001"/>
  <testcase classname="LearnTestNG.sampleTestCase" name="fifthTestCase" time="0.009"/>
</testsuite> <!-- LearnTestNG.sampleTestCase -->
