<?xml version="1.0" encoding="UTF-8"?>
<!-- Generated by org.testng.reporters.JUnitReportReporter -->
<testsuite hostname="LAPTOP-V9DUL7Q0" failures="0" tests="1" name="LearnTestNG.AssertionTestCase" time="0.013" errors="0" timestamp="2023-08-09T19:50:19 IST" skipped="0">
  <testcase classname="LearnTestNG.AssertionTestCase" name="assertcase" time="0.013"/>
</testsuite> <!-- LearnTestNG.AssertionTestCase -->
