<?xml version="1.0" encoding="UTF-8"?>
<!-- Generated by org.testng.reporters.JUnitReportReporter -->
<testsuite hostname="LAPTOP-V9DUL7Q0" failures="0" tests="1" name="LearnTestNG.Parametrization" time="0.008" errors="0" timestamp="2023-08-09T19:34:09 IST" skipped="0">
  <testcase classname="LearnTestNG.Parametrization" name="enterName" time="0.008"/>
</testsuite> <!-- LearnTestNG.Parametrization -->
