<?xml version="1.0" encoding="UTF-8"?>
<!-- Generated by org.testng.reporters.JUnitReportReporter -->
<testsuite hostname="LAPTOP-V9DUL7Q0" failures="0" tests="5" name="LearnTestNG.PriorityTestCase" time="0.015" errors="0" timestamp="2023-08-17T17:03:07 IST" skipped="0">
  <testcase classname="LearnTestNG.PriorityTestCase" name="startTheCar" time="0.010"/>
  <testcase classname="LearnTestNG.PriorityTestCase" name="firstGear" time="0.002"/>
  <testcase classname="LearnTestNG.PriorityTestCase" name="secondGear" time="0.002"/>
  <testcase classname="LearnTestNG.PriorityTestCase" name="thirdGear" time="0.001"/>
  <testcase classname="LearnTestNG.PriorityTestCase" name="fourthGear" time="0.000"/>
</testsuite> <!-- LearnTestNG.PriorityTestCase -->
