<?xml version="1.0" encoding="UTF-8"?>
<!-- Generated by org.testng.reporters.JUnitReportReporter -->
<testsuite hostname="LAPTOP-V9DUL7Q0" failures="0" tests="3" name="SeleniumInterviewQuestions.TestNG_MultipleTimes_24" time="0.014" errors="0" timestamp="2023-08-14T19:02:32 IST" skipped="0">
  <testcase classname="SeleniumInterviewQuestions.TestNG_MultipleTimes_24" name="testcase1" time="0.002"/>
  <testcase classname="SeleniumInterviewQuestions.TestNG_MultipleTimes_24" name="testcase1" time="0.001"/>
  <testcase classname="SeleniumInterviewQuestions.TestNG_MultipleTimes_24" name="testcase1" time="0.011"/>
</testsuite> <!-- SeleniumInterviewQuestions.TestNG_MultipleTimes_24 -->
