<?xml version="1.0" encoding="UTF-8"?>
<!-- Generated by org.testng.reporters.JUnitReportReporter -->
<testsuite hostname="LAPTOP-V9DUL7Q0" failures="0" tests="2" name="LearnTestNG.OrderofAnnotations" time="0.012" errors="0" timestamp="2023-08-09T19:53:40 IST" skipped="0">
  <testcase classname="LearnTestNG.OrderofAnnotations" name="test2" time="0.003"/>
  <testcase classname="LearnTestNG.OrderofAnnotations" name="test1" time="0.009"/>
</testsuite> <!-- LearnTestNG.OrderofAnnotations -->
