<?xml version="1.0" encoding="UTF-8"?>
<!-- Generated by org.testng.reporters.JUnitReportReporter -->
<testsuite hostname="LAPTOP-V9DUL7Q0" failures="0" tests="3" name="LearnExtentReports.OpenBrowser" time="3.953" errors="0" timestamp="2023-08-17T17:59:13 IST" skipped="0">
  <testcase classname="LearnExtentReports.OpenBrowser" name="openBing" time="1.913"/>
  <testcase classname="LearnExtentReports.OpenBrowser" name="openWikepedia" time="0.633"/>
  <testcase classname="LearnExtentReports.OpenBrowser" name="openGoogle" time="1.407"/>
</testsuite> <!-- LearnExtentReports.OpenBrowser -->
