<?xml version="1.0" encoding="UTF-8"?>
<!-- Generated by org.testng.reporters.JUnitReportReporter -->
<testsuite hostname="LAPTOP-V9DUL7Q0" failures="0" tests="3" name="LearnTestNG.skipATestCase" time="0.004" errors="0" timestamp="2023-08-09T19:11:05 IST" skipped="1">
  <testcase classname="LearnTestNG.skipATestCase" name="firstGear" time="0.002"/>
  <testcase classname="LearnTestNG.skipATestCase" name="secondGear" time="0.002"/>
  <testcase classname="LearnTestNG.skipATestCase" name="startTheCar">
    <skipped/>
  </testcase> <!-- startTheCar -->
</testsuite> <!-- LearnTestNG.skipATestCase -->
