<?xml version="1.0" encoding="UTF-8"?>
<!-- Generated by org.testng.reporters.JUnitReportReporter -->
<testsuite hostname="LAPTOP-V9DUL7Q0" failures="0" tests="3" name="LearnTestNG.ParallelTestingCases" time="77.228" errors="0" timestamp="2023-08-14T17:43:13 IST" skipped="0">
  <testcase classname="LearnTestNG.ParallelTestingCases" name="openGoogle" time="26.336"/>
  <testcase classname="LearnTestNG.ParallelTestingCases" name="openBing" time="24.353"/>
  <testcase classname="LearnTestNG.ParallelTestingCases" name="openWikepedia" time="26.539"/>
</testsuite> <!-- LearnTestNG.ParallelTestingCases -->
