<?xml version="1.0" encoding="UTF-8"?>
<!-- Generated by org.testng.reporters.JUnitReportReporter -->
<testsuite hostname="LAPTOP-V9DUL7Q0" failures="0" tests="4" name="LearnTestNG.GroupingTestCase" time="0.013" errors="0" timestamp="2023-08-09T19:26:36 IST" skipped="0">
  <testcase classname="LearnTestNG.GroupingTestCase" name="apple1" time="0.008"/>
  <testcase classname="LearnTestNG.GroupingTestCase" name="realme1" time="0.003"/>
  <testcase classname="LearnTestNG.GroupingTestCase" name="realme2" time="0.001"/>
  <testcase classname="LearnTestNG.GroupingTestCase" name="apple2" time="0.001"/>
</testsuite> <!-- LearnTestNG.GroupingTestCase -->
