<?xml version="1.0" encoding="UTF-8"?>
<!-- Generated by org.testng.reporters.JUnitReportReporter -->
<testsuite hostname="LAPTOP-V9DUL7Q0" failures="0" tests="3" name="LearnTestNG.SuiteExample" time="11.898" errors="0" timestamp="2023-08-17T17:23:58 IST" skipped="0">
  <testcase classname="LearnTestNG.SuiteExample" name="openBing" time="1.702"/>
  <testcase classname="LearnTestNG.SuiteExample" name="openWikepedia" time="8.220"/>
  <testcase classname="LearnTestNG.SuiteExample" name="openGoogle" time="1.976"/>
</testsuite> <!-- LearnTestNG.SuiteExample -->
